-------------------------------------------------------------------------------
Test set: edu.ifsc.calculadora.CalculadoraTest
-------------------------------------------------------------------------------
Tests run: 4, Failures: 4, Errors: 0, Skipped: 0, Time elapsed: 0.006 sec <<< FAILURE!
edu.ifsc.calculadora.CalculadoraTest.testDivisao()  Time elapsed: 0.002 sec  <<< FAILURE!
java.lang.RuntimeException: Divisão por zero
	at edu.ifsc.calculadora.Calculadora.divisao(Calculadora.java:23)
	at edu.ifsc.calculadora.CalculadoraTest.testDivisao(CalculadoraTest.java:58)

edu.ifsc.calculadora.CalculadoraTest.testMultiplicacao()  Time elapsed: 0.003 sec  <<< FAILURE!
org.opentest4j.AssertionFailedError: The test case is a prototype.
	at org.junit.jupiter.api.AssertionUtils.fail(AssertionUtils.java:39)
	at org.junit.jupiter.api.Assertions.fail(Assertions.java:109)
	at edu.ifsc.calculadora.CalculadoraTest.testMultiplicacao(CalculadoraTest.java:48)

edu.ifsc.calculadora.CalculadoraTest.testSubtracao()  Time elapsed: 0.001 sec  <<< FAILURE!
org.opentest4j.AssertionFailedError: The test case is a prototype.
	at org.junit.jupiter.api.AssertionUtils.fail(AssertionUtils.java:39)
	at org.junit.jupiter.api.Assertions.fail(Assertions.java:109)
	at edu.ifsc.calculadora.CalculadoraTest.testSubtracao(CalculadoraTest.java:36)

edu.ifsc.calculadora.CalculadoraTest.testSoma()  Time elapsed: 0 sec  <<< FAILURE!
org.opentest4j.AssertionFailedError: The test case is a prototype.
	at org.junit.jupiter.api.AssertionUtils.fail(AssertionUtils.java:39)
	at org.junit.jupiter.api.Assertions.fail(Assertions.java:109)
	at edu.ifsc.calculadora.CalculadoraTest.testSoma(CalculadoraTest.java:24)

