<?xml version="1.0" encoding="UTF-8" ?>
<testsuite tests="4" failures="4" name="edu.ifsc.calculadora.CalculadoraTest" time="0.006" errors="0" skipped="0">
  <properties>
[...]
</properties>
  <testcase classname="edu.ifsc.calculadora.CalculadoraTest" name="edu.ifsc.calculadora.CalculadoraTest.testDivisao" time="0.002">
    <failure message="Divisão por zero" type="java.lang.RuntimeException">java.lang.RuntimeException: Divisão por zero
	at edu.ifsc.calculadora.Calculadora.divisao(Calculadora.java:23)
	at edu.ifsc.calculadora.CalculadoraTest.testDivisao(CalculadoraTest.java:58)
</failure>
    <system-out>divisao
</system-out>
  </testcase>
  <testcase classname="edu.ifsc.calculadora.CalculadoraTest" name="edu.ifsc.calculadora.CalculadoraTest.testMultiplicacao" time="0.003">
    <failure message="The test case is a prototype." type="org.opentest4j.AssertionFailedError">org.opentest4j.AssertionFailedError: The test case is a prototype.
	at org.junit.jupiter.api.AssertionUtils.fail(AssertionUtils.java:39)
	at org.junit.jupiter.api.Assertions.fail(Assertions.java:109)
	at edu.ifsc.calculadora.CalculadoraTest.testMultiplicacao(CalculadoraTest.java:48)
</failure>
    <system-out>multiplicacao
</system-out>
  </testcase>
  <testcase classname="edu.ifsc.calculadora.CalculadoraTest" name="edu.ifsc.calculadora.CalculadoraTest.testSubtracao" time="0.001">
    <failure message="The test case is a prototype." type="org.opentest4j.AssertionFailedError">org.opentest4j.AssertionFailedError: The test case is a prototype.
	at org.junit.jupiter.api.AssertionUtils.fail(AssertionUtils.java:39)
	at org.junit.jupiter.api.Assertions.fail(Assertions.java:109)
	at edu.ifsc.calculadora.CalculadoraTest.testSubtracao(CalculadoraTest.java:36)
</failure>
    <system-out>subtracao
</system-out>
  </testcase>
  <testcase classname="edu.ifsc.calculadora.CalculadoraTest" name="edu.ifsc.calculadora.CalculadoraTest.testSoma" time="0">
    <failure message="The test case is a prototype." type="org.opentest4j.AssertionFailedError">org.opentest4j.AssertionFailedError: The test case is a prototype.
	at org.junit.jupiter.api.AssertionUtils.fail(AssertionUtils.java:39)
	at org.junit.jupiter.api.Assertions.fail(Assertions.java:109)
	at edu.ifsc.calculadora.CalculadoraTest.testSoma(CalculadoraTest.java:24)
</failure>
    <system-out>soma
</system-out>
  </testcase>
</testsuite>